<?xml version="1.0" encoding="UTF-8"?>
<testsuite name="C:/Users/Admin/IdeaProjects/RestAssuredLearning"
           tests="3"
           failures="0"
           errors="0"
           skipped="0"
           time="0.032">
    <properties></properties>



            <testcase
                name="getRequest2"
                time="0.000"
                classname="org.example.ex_ra01.testng.Lab262">
            </testcase>
            <testcase
                name="getRequest3"
                time="0.016"
                classname="org.example.ex_ra01.testng.Lab262">
            </testcase>
            <testcase
                name="getRequest1"
                time="0.016"
                classname="org.example.ex_ra01.testng.Lab262">
            </testcase>
</testsuite>
